2026-06-10 08:49:50,698 INFO aiogram.dispatcher Start polling
INFO:     Started server process [5564]
INFO:     Waiting for application startup.
INFO:     Application startup complete.
INFO:     Uvicorn running on http://0.0.0.0:8080 (Press CTRL+C to quit)
2026-06-10 08:49:51,484 INFO aiogram.dispatcher Run polling for bot @TonTrending_robot id=8978057271 - 'TonTrending'
2026-06-10 08:49:52,186 INFO ogelite.monitor ОНДОХЯЙЮ +0:3a6f6806f0 (БЯЕЦН 4)
2026-06-10 08:49:52,385 INFO ogelite.monitor ОНДОХЯЙЮ +0:3a7af5c2e8 (БЯЕЦН 5)
2026-06-10 08:49:52,572 INFO ogelite.monitor ОНДОХЯЙЮ +0:3a228af381 (БЯЕЦН 6)
2026-06-10 08:49:52,769 INFO ogelite.monitor ОНДОХЯЙЮ +0:3a592f2d27 (БЯЕЦН 7)
2026-06-10 08:49:52,970 INFO ogelite.monitor ОНДОХЯЙЮ +0:3a95aa9eef (БЯЕЦН 8)
2026-06-10 08:49:53,181 INFO ogelite.monitor ОНДОХЯЙЮ +0:3a51514cb8 (БЯЕЦН 9)
2026-06-10 08:49:53,382 INFO ogelite.monitor ОНДОХЯЙЮ +0:3afae6595c (БЯЕЦН 10)
2026-06-10 08:49:53,584 INFO ogelite.monitor ОНДОХЯЙЮ +0:3a1bc6e8d9 (БЯЕЦН 11)
2026-06-10 08:49:53,789 INFO ogelite.monitor ОНДОХЯЙЮ +0:3ac85cac48 (БЯЕЦН 12)
2026-06-10 08:49:53,983 INFO ogelite.monitor ОНДОХЯЙЮ +0:3a1c0ebe41 (БЯЕЦН 13)
2026-06-10 08:49:54,190 INFO ogelite.monitor ОНДОХЯЙЮ +0:3aeb64cba8 (БЯЕЦН 14)
2026-06-10 08:49:54,403 INFO ogelite.monitor ОНДОХЯЙЮ +0:3adb5790e3 (БЯЕЦН 15)
2026-06-10 08:49:54,596 INFO ogelite.monitor ОНДОХЯЙЮ +0:3a2890d36c (БЯЕЦН 16)
2026-06-10 08:49:54,992 INFO ogelite.monitor ОНДОХЯЙЮ +0:3af77f7e7e (БЯЕЦН 17)
2026-06-10 08:49:55,198 INFO ogelite.monitor ОНДОХЯЙЮ +0:3a289df349 (БЯЕЦН 18)
2026-06-10 08:49:55,406 INFO ogelite.monitor ОНДОХЯЙЮ +0:3a9ecc6700 (БЯЕЦН 19)
2026-06-10 08:49:55,617 INFO ogelite.monitor ОНДОХЯЙЮ +0:3a52089398 (БЯЕЦН 20)
2026-06-10 08:49:55,814 INFO ogelite.monitor ОНДОХЯЙЮ +0:3a395a3cc1 (БЯЕЦН 21)
2026-06-10 08:49:56,044 INFO ogelite.monitor ОНДОХЯЙЮ +0:3a8e0ff319 (БЯЕЦН 22)
2026-06-10 08:49:56,248 INFO ogelite.monitor ОНДОХЯЙЮ +0:3a20085eb2 (БЯЕЦН 23)
2026-06-10 08:49:56,455 INFO ogelite.monitor ОНДОХЯЙЮ +0:3ae5b2a679 (БЯЕЦН 24)
2026-06-10 08:49:56,648 INFO ogelite.monitor ОНДОХЯЙЮ +0:3aa5ed352b (БЯЕЦН 25)
2026-06-10 08:49:56,868 INFO ogelite.monitor ОНДОХЯЙЮ +0:3a9cbe25bf (БЯЕЦН 26)
2026-06-10 08:49:57,054 INFO ogelite.monitor ОНДОХЯЙЮ +0:3a3bf07170 (БЯЕЦН 27)
2026-06-10 08:49:57,248 INFO ogelite.monitor ОНДОХЯЙЮ +0:3adc68bce3 (БЯЕЦН 28)
2026-06-10 08:49:57,462 INFO ogelite.monitor ОНДОХЯЙЮ +0:3ae9c504b8 (БЯЕЦН 29)
2026-06-10 08:49:57,663 INFO ogelite.monitor ОНДОХЯЙЮ +0:3abe31c005 (БЯЕЦН 30)
2026-06-10 08:49:57,865 INFO ogelite.monitor ОНДОХЯЙЮ +0:3a0626eaf3 (БЯЕЦН 31)
2026-06-10 08:49:58,087 INFO ogelite.monitor ОНДОХЯЙЮ +0:3a984688bb (БЯЕЦН 32)
2026-06-10 08:49:58,292 INFO ogelite.monitor ОНДОХЯЙЮ +0:3a91996971 (БЯЕЦН 33)
2026-06-10 08:49:58,498 INFO ogelite.monitor ОНДОХЯЙЮ +0:3a461e5a77 (БЯЕЦН 34)
2026-06-10 08:49:58,698 INFO ogelite.monitor ОНДОХЯЙЮ +0:3a4672e440 (БЯЕЦН 35)
2026-06-10 08:49:58,917 INFO ogelite.monitor ОНДОХЯЙЮ +0:3a6c796ea7 (БЯЕЦН 36)
2026-06-10 08:49:59,118 INFO ogelite.monitor ОНДОХЯЙЮ +0:3a2fabe6ce (БЯЕЦН 37)
2026-06-10 08:49:59,337 INFO ogelite.monitor ОНДОХЯЙЮ +0:3a39c37fdb (БЯЕЦН 38)
2026-06-10 08:49:59,563 INFO ogelite.monitor ОНДОХЯЙЮ +0:3a5c396405 (БЯЕЦН 39)
2026-06-10 08:49:59,774 INFO ogelite.monitor ОНДОХЯЙЮ +0:3abfdcd557 (БЯЕЦН 40)
2026-06-10 08:50:00,000 INFO ogelite.monitor ОНДОХЯЙЮ +0:3afe8068a0 (БЯЕЦН 41)
2026-06-10 08:50:00,230 INFO ogelite.monitor ОНДОХЯЙЮ +0:3a7db7a72e (БЯЕЦН 42)
2026-06-10 08:50:00,445 INFO ogelite.monitor ОНДОХЯЙЮ +0:3a62ba154e (БЯЕЦН 43)
2026-06-10 08:50:00,664 INFO ogelite.monitor ОНДОХЯЙЮ +0:3af36bc8f4 (БЯЕЦН 44)
2026-06-10 08:50:00,868 INFO ogelite.monitor ОНДОХЯЙЮ +0:3ab984362e (БЯЕЦН 45)
2026-06-10 08:50:01,646 INFO ogelite.monitor ОНДОХЯЙЮ +0:3aef019f2c (БЯЕЦН 46)
2026-06-10 08:50:01,865 INFO ogelite.monitor ОНДОХЯЙЮ +0:3acd0da89e (БЯЕЦН 47)
2026-06-10 08:50:02,085 INFO ogelite.monitor ОНДОХЯЙЮ +0:3a9408fdc3 (БЯЕЦН 48)
2026-06-10 08:50:02,284 INFO ogelite.monitor ОНДОХЯЙЮ +0:3aaa12218f (БЯЕЦН 49)
2026-06-10 08:50:02,488 INFO ogelite.monitor ОНДОХЯЙЮ +0:3a7ec1d0a8 (БЯЕЦН 50)
2026-06-10 08:50:02,714 INFO ogelite.monitor ОНДОХЯЙЮ +0:3ab86eb809 (БЯЕЦН 51)
2026-06-10 08:50:02,915 INFO ogelite.monitor ОНДОХЯЙЮ +0:3a830beb8b (БЯЕЦН 52)
2026-06-10 08:50:03,105 INFO ogelite.monitor ОНДОХЯЙЮ +0:3a14bdf09b (БЯЕЦН 53)
2026-06-10 08:50:03,568 INFO ogelite.monitor ОНДОХЯЙЮ +0:0ef241de90 (БЯЕЦН 54)
2026-06-10 08:50:03,775 INFO ogelite.monitor ОНДОХЯЙЮ +0:0ed49d0c7c (БЯЕЦН 55)
2026-06-10 08:50:04,453 INFO ogelite.monitor ОНДОХЯЙЮ +0:0ec7cdf99f (БЯЕЦН 56)
2026-06-10 08:50:04,658 INFO ogelite.monitor ОНДОХЯЙЮ +0:0e69670d93 (БЯЕЦН 57)
2026-06-10 08:50:04,862 INFO ogelite.monitor ОНДОХЯЙЮ +0:0e4506b0d4 (БЯЕЦН 58)
2026-06-10 08:50:05,298 INFO ogelite.monitor ОНДОХЯЙЮ +0:0e1ca79241 (БЯЕЦН 59)
2026-06-10 08:50:05,522 INFO ogelite.monitor ОНДОХЯЙЮ +0:0ec8f850c5 (БЯЕЦН 60)
2026-06-10 08:50:05,724 INFO ogelite.monitor ОНДОХЯЙЮ +0:0e38754ec8 (БЯЕЦН 61)
2026-06-10 08:50:05,925 INFO ogelite.monitor ОНДОХЯЙЮ +0:0eaca326cd (БЯЕЦН 62)
2026-06-10 08:50:06,294 INFO ogelite.monitor ОНДОХЯЙЮ +0:0e73bcb41e (БЯЕЦН 63)
2026-06-10 08:50:06,504 INFO ogelite.monitor ОНДОХЯЙЮ +0:0e951f5065 (БЯЕЦН 64)
2026-06-10 08:50:06,710 INFO ogelite.monitor ОНДОХЯЙЮ +0:0e9096e141 (БЯЕЦН 65)
2026-06-10 08:50:06,918 INFO ogelite.monitor ОНДОХЯЙЮ +0:0ec45376c3 (БЯЕЦН 66)
2026-06-10 08:50:07,339 INFO ogelite.monitor ОНДОХЯЙЮ +0:0e787b0608 (БЯЕЦН 67)
2026-06-10 08:50:07,547 INFO ogelite.monitor ОНДОХЯЙЮ +0:0e514b24a4 (БЯЕЦН 68)
2026-06-10 08:50:07,747 INFO ogelite.monitor ОНДОХЯЙЮ +0:0ec597236a (БЯЕЦН 69)
2026-06-10 08:50:07,947 INFO ogelite.monitor ОНДОХЯЙЮ +0:0e6a347397 (БЯЕЦН 70)
2026-06-10 08:50:08,148 INFO ogelite.monitor ОНДОХЯЙЮ +0:0e62e64f8b (БЯЕЦН 71)
2026-06-10 08:50:08,382 INFO ogelite.monitor ОНДОХЯЙЮ +0:0ea926a9ca (БЯЕЦН 72)
2026-06-10 08:50:08,588 INFO ogelite.monitor ОНДОХЯЙЮ +0:0ec65cf1dc (БЯЕЦН 73)
2026-06-10 08:50:08,836 INFO ogelite.monitor ОНДОХЯЙЮ +0:0e733afeaa (БЯЕЦН 74)
2026-06-10 08:50:09,035 INFO ogelite.monitor ОНДОХЯЙЮ +0:0e6518c41d (БЯЕЦН 75)
2026-06-10 08:50:09,235 INFO ogelite.monitor ОНДОХЯЙЮ +0:0e718921a9 (БЯЕЦН 76)
